<?xml version="1.0" encoding="UTF-8"?>
<!-- Generated by org.testng.reporters.JUnitReportReporter -->
<testsuite skipped="0" hostname="ria" name="com.toolsqa.qa.testcases.ToolsQAHomePageTest" tests="3" failures="0" timestamp="24 May 2018 00:15:08 GMT" time="47.341" errors="0">
  <testcase name="verifyHomePageTitleTest" time="18.203" classname="com.toolsqa.qa.testcases.ToolsQAHomePageTest"/>
  <testcase name="verifyToolsQALogoTest" time="12.703" classname="com.toolsqa.qa.testcases.ToolsQAHomePageTest"/>
  <testcase name="clickOnProductCategory" time="16.435" classname="com.toolsqa.qa.testcases.ToolsQAHomePageTest"/>
</testsuite> <!-- com.toolsqa.qa.testcases.ToolsQAHomePageTest -->
