<?xml version="1.0" encoding="UTF-8"?>
<!-- Generated by org.testng.reporters.JUnitReportReporter -->
<testsuite skipped="0" hostname="ria" name="com.toolsqa.qa.testcases.ToolsQAHomePageTest" tests="3" failures="0" timestamp="23 May 2018 23:56:39 GMT" time="64.770" errors="0">
  <testcase name="verifyHomePageTitleTest" time="31.830" classname="com.toolsqa.qa.testcases.ToolsQAHomePageTest"/>
  <testcase name="verifyToolsQALogoTest" time="14.520" classname="com.toolsqa.qa.testcases.ToolsQAHomePageTest"/>
  <testcase name="verifyContactsLinkTest" time="18.420" classname="com.toolsqa.qa.testcases.ToolsQAHomePageTest"/>
</testsuite> <!-- com.toolsqa.qa.testcases.ToolsQAHomePageTest -->
